
> glyph-app@0.1.0 tauri
> tauri build --no-bundle

        Info Looking up installed tauri packages to check mismatched versions...
        Warn The bundle identifier "com.glyph.app" set in `"tauri.conf.json" identifier` ends with `.app`. This is not recommended because it conflicts with the application bundle extension on macOS.
     Running beforeBuildCommand `npm run build`

> glyph-app@0.1.0 build
> vite build

[36mvite v6.4.3 [32mbuilding SSR bundle for production...[36m[39m
transforming...
12:01:22 AM [vite-plugin-svelte] src/routes/+page.svelte:767:2 Unused CSS selector ".items"
https://svelte.dev/e/css_unused_selector
765:   }
766:   .folder-actions { display: flex; gap: 8px; flex: none; }
767:   .items { display: flex; flex-direction: column; }
             ^
768:   .tip { margin: 2px 0 0; font-size: 12px; color: var(--faint-2); line-height: 1.5; }
769: 
12:01:22 AM [vite-plugin-svelte] src/lib/components/BackendItem.svelte:31:21 This reference only captures the initial value of `item`. Did you mean to reference it inside a closure instead?
https://svelte.dev/e/state_referenced_locally
29:   const installed = (v: string) => (status?.installed_variants ?? []).includes(v);
30:   const isActive = (v: string) => status?.active_variant === v;
31:   const usesConfig = item.config_target !== 'none';
                             ^
32:   const prog = (v: string) => progress[`${item.id}::${v}`];
33:   const pct = (p: any) => (p && p.total > 0 ? Math.round((p.received / p.total) * 100) : 0);
[32m✓[39m 173 modules transformed.
rendering chunks...
[36mvite v6.4.3 [32mbuilding for production...[36m[39m
transforming...
12:01:25 AM [vite-plugin-svelte] src/routes/+page.svelte:767:2 Unused CSS selector ".items"
https://svelte.dev/e/css_unused_selector
765:   }
766:   .folder-actions { display: flex; gap: 8px; flex: none; }
767:   .items { display: flex; flex-direction: column; }
             ^
768:   .tip { margin: 2px 0 0; font-size: 12px; color: var(--faint-2); line-height: 1.5; }
769: 
12:01:25 AM [vite-plugin-svelte] src/lib/components/BackendItem.svelte:31:21 This reference only captures the initial value of `item`. Did you mean to reference it inside a closure instead?
https://svelte.dev/e/state_referenced_locally
29:   const installed = (v: string) => (status?.installed_variants ?? []).includes(v);
30:   const isActive = (v: string) => status?.active_variant === v;
31:   const usesConfig = item.config_target !== 'none';
                             ^
32:   const prog = (v: string) => progress[`${item.id}::${v}`];
33:   const pct = (p: any) => (p && p.total > 0 ? Math.round((p.received / p.total) * 100) : 0);
[32m✓[39m 187 modules transformed.
rendering chunks...
computing gzip size...
[2m.svelte-kit/output/client/[22m[32m_app/version.json                                                         [39m[1m[2m 0.03 kB[22m[1m[22m[2m │ gzip:  0.05 kB[22m
[2m.svelte-kit/output/client/[22m[32m_app/immutable/assets/geist-mono-symbols2-wght-normal.GZpp1pK2.woff2      [39m[1m[2m 5.80 kB[22m[1m[22m
[2m.svelte-kit/output/client/[22m[32m_app/immutable/assets/geist-mono-cyrillic-ext-wght-normal.I4S5GZfc.woff2  [39m[1m[2m 6.18 kB[22m[1m[22m
[2m.svelte-kit/output/client/[22m[32m_app/immutable/assets/geist-cyrillic-ext-wght-normal.DjL33-gN.woff2       [39m[1m[2m 7.42 kB[22m[1m[22m
[2m.svelte-kit/output/client/[22m[32m_app/immutable/assets/geist-mono-vietnamese-wght-normal.D8KDMBhC.woff2    [39m[1m[2m 7.72 kB[22m[1m[22m
[2m.svelte-kit/output/client/[22m[32m_app/immutable/assets/geist-vietnamese-wght-normal.6IgcOCM7.woff2         [39m[1m[2m 8.00 kB[22m[1m[22m
[2m.svelte-kit/output/client/[22m[32m.vite/manifest.json                                                       [39m[1m[2m 9.23 kB[22m[1m[22m[2m │ gzip:  1.18 kB[22m
[2m.svelte-kit/output/client/[22m[32m_app/immutable/assets/newsreader-vietnamese-wght-normal.Czsa-EzN.woff2    [39m[1m[2m11.93 kB[22m[1m[22m
[2m.svelte-kit/output/client/[22m[32m_app/immutable/assets/geist-mono-cyrillic-wght-normal.BmXc_FBt.woff2      [39m[1m[2m12.88 kB[22m[1m[22m
[2m.svelte-kit/output/client/[22m[32m_app/immutable/assets/geist-mono-latin-ext-wght-normal.DrnZ1wKl.woff2     [39m[1m[2m14.78 kB[22m[1m[22m
[2m.svelte-kit/output/client/[22m[32m_app/immutable/assets/geist-cyrillic-wght-normal.BEAKL7Jp.woff2           [39m[1m[2m15.08 kB[22m[1m[22m
[2m.svelte-kit/output/client/[22m[32m_app/immutable/assets/geist-latin-ext-wght-normal.DC-KSUi6.woff2          [39m[1m[2m16.51 kB[22m[1m[22m
[2m.svelte-kit/output/client/[22m[32m_app/immutable/assets/geist-latin-wght-normal.BgDaEnEv.woff2              [39m[1m[2m29.40 kB[22m[1m[22m
[2m.svelte-kit/output/client/[22m[32m_app/immutable/assets/geist-mono-latin-wght-normal.B_7UjwxQ.woff2         [39m[1m[2m29.90 kB[22m[1m[22m
[2m.svelte-kit/output/client/[22m[32m_app/immutable/assets/newsreader-latin-ext-wght-normal.C-3rgBeH.woff2     [39m[1m[2m36.24 kB[22m[1m[22m
[2m.svelte-kit/output/client/[22m[32m_app/immutable/assets/newsreader-latin-wght-normal.CCVVNp6i.woff2         [39m[1m[2m58.08 kB[22m[1m[22m
[2m.svelte-kit/output/client/[22m[35m_app/immutable/assets/3.C29pqV8Q.css                                      [39m[1m[2m 3.15 kB[22m[1m[22m[2m │ gzip:  0.81 kB[22m
[2m.svelte-kit/output/client/[22m[35m_app/immutable/assets/0.dJXxL32o.css                                      [39m[1m[2m 6.04 kB[22m[1m[22m[2m │ gzip:  1.43 kB[22m
[2m.svelte-kit/output/client/[22m[35m_app/immutable/assets/2.BAT1GU8J.css                                      [39m[1m[2m20.60 kB[22m[1m[22m[2m │ gzip:  3.84 kB[22m
[2m.svelte-kit/output/client/[22m[36m_app/immutable/entry/start.B_fNax1t.js                                    [39m[1m[2m 0.08 kB[22m[1m[22m[2m │ gzip:  0.09 kB[22m
[2m.svelte-kit/output/client/[22m[36m_app/immutable/chunks/Cy2Xy5uF.js                                         [39m[1m[2m 0.19 kB[22m[1m[22m[2m │ gzip:  0.17 kB[22m
[2m.svelte-kit/output/client/[22m[36m_app/immutable/chunks/X_ejabpq.js                                         [39m[1m[2m 0.23 kB[22m[1m[22m[2m │ gzip:  0.19 kB[22m
[2m.svelte-kit/output/client/[22m[36m_app/immutable/nodes/0.BM1LfonA.js                                        [39m[1m[2m 0.35 kB[22m[1m[22m[2m │ gzip:  0.27 kB[22m
[2m.svelte-kit/output/client/[22m[36m_app/immutable/nodes/1.DcTy01wJ.js                                        [39m[1m[2m 0.54 kB[22m[1m[22m[2m │ gzip:  0.35 kB[22m
[2m.svelte-kit/output/client/[22m[36m_app/immutable/nodes/3.BfPSHLa2.js                                        [39m[1m[2m 0.88 kB[22m[1m[22m[2m │ gzip:  0.46 kB[22m
[2m.svelte-kit/output/client/[22m[36m_app/immutable/chunks/m9SAaHtk.js                                         [39m[1m[2m 1.29 kB[22m[1m[22m[2m │ gzip:  0.76 kB[22m
[2m.svelte-kit/output/client/[22m[36m_app/immutable/chunks/CtWMT2Ux.js                                         [39m[1m[2m 1.33 kB[22m[1m[22m[2m │ gzip:  0.73 kB[22m
[2m.svelte-kit/output/client/[22m[36m_app/immutable/chunks/wbPk3Yxo.js                                         [39m[1m[2m 1.37 kB[22m[1m[22m[2m │ gzip:  0.66 kB[22m
[2m.svelte-kit/output/client/[22m[36m_app/immutable/chunks/DoJmt_dK.js                                         [39m[1m[2m 2.13 kB[22m[1m[22m[2m │ gzip:  1.08 kB[22m
[2m.svelte-kit/output/client/[22m[36m_app/immutable/chunks/BkoKoqf5.js                                         [39m[1m[2m 2.24 kB[22m[1m[22m[2m │ gzip:  0.98 kB[22m
[2m.svelte-kit/output/client/[22m[36m_app/immutable/entry/app.C_qP-rid.js                                      [39m[1m[2m 7.00 kB[22m[1m[22m[2m │ gzip:  3.18 kB[22m
[2m.svelte-kit/output/client/[22m[36m_app/immutable/chunks/2XQv3aDI.js                                         [39m[1m[2m 7.91 kB[22m[1m[22m[2m │ gzip:  3.38 kB[22m
[2m.svelte-kit/output/client/[22m[36m_app/immutable/chunks/Jx_fVVOP.js                                         [39m[1m[2m27.51 kB[22m[1m[22m[2m │ gzip: 10.53 kB[22m
[2m.svelte-kit/output/client/[22m[36m_app/immutable/chunks/C07Zry2R.js                                         [39m[1m[2m29.34 kB[22m[1m[22m[2m │ gzip: 11.29 kB[22m
[2m.svelte-kit/output/client/[22m[36m_app/immutable/nodes/2.BtoUu1iW.js                                        [39m[1m[2m46.91 kB[22m[1m[22m[2m │ gzip: 16.51 kB[22m
[32m✓ built in 921ms[39m
[2m.svelte-kit/output/server/[22m[32m_app/immutable/assets/geist-mono-symbols2-wght-normal.GZpp1pK2.woff2      [39m[1m[2m  5.80 kB[22m[1m[22m
[2m.svelte-kit/output/server/[22m[32m_app/immutable/assets/geist-mono-cyrillic-ext-wght-normal.I4S5GZfc.woff2  [39m[1m[2m  6.18 kB[22m[1m[22m
[2m.svelte-kit/output/server/[22m[32m_app/immutable/assets/geist-cyrillic-ext-wght-normal.DjL33-gN.woff2       [39m[1m[2m  7.42 kB[22m[1m[22m
[2m.svelte-kit/output/server/[22m[32m_app/immutable/assets/geist-mono-vietnamese-wght-normal.D8KDMBhC.woff2    [39m[1m[2m  7.72 kB[22m[1m[22m
[2m.svelte-kit/output/server/[22m[32m_app/immutable/assets/geist-vietnamese-wght-normal.6IgcOCM7.woff2         [39m[1m[2m  8.00 kB[22m[1m[22m
[2m.svelte-kit/output/server/[22m[32m.vite/manifest.json                                                       [39m[1m[2m  8.54 kB[22m[1m[22m
[2m.svelte-kit/output/server/[22m[32m_app/immutable/assets/newsreader-vietnamese-wght-normal.Czsa-EzN.woff2    [39m[1m[2m 11.93 kB[22m[1m[22m
[2m.svelte-kit/output/server/[22m[32m_app/immutable/assets/geist-mono-cyrillic-wght-normal.BmXc_FBt.woff2      [39m[1m[2m 12.88 kB[22m[1m[22m
[2m.svelte-kit/output/server/[22m[32m_app/immutable/assets/geist-mono-latin-ext-wght-normal.DrnZ1wKl.woff2     [39m[1m[2m 14.78 kB[22m[1m[22m
[2m.svelte-kit/output/server/[22m[32m_app/immutable/assets/geist-cyrillic-wght-normal.BEAKL7Jp.woff2           [39m[1m[2m 15.08 kB[22m[1m[22m
[2m.svelte-kit/output/server/[22m[32m_app/immutable/assets/geist-latin-ext-wght-normal.DC-KSUi6.woff2          [39m[1m[2m 16.51 kB[22m[1m[22m
[2m.svelte-kit/output/server/[22m[32m_app/immutable/assets/geist-latin-wght-normal.BgDaEnEv.woff2              [39m[1m[2m 29.40 kB[22m[1m[22m
[2m.svelte-kit/output/server/[22m[32m_app/immutable/assets/geist-mono-latin-wght-normal.B_7UjwxQ.woff2         [39m[1m[2m 29.90 kB[22m[1m[22m
[2m.svelte-kit/output/server/[22m[32m_app/immutable/assets/newsreader-latin-ext-wght-normal.C-3rgBeH.woff2     [39m[1m[2m 36.24 kB[22m[1m[22m
[2m.svelte-kit/output/server/[22m[32m_app/immutable/assets/newsreader-latin-wght-normal.CCVVNp6i.woff2         [39m[1m[2m 58.08 kB[22m[1m[22m
[2m.svelte-kit/output/server/[22m[35m_app/immutable/assets/_page.D-KYzlnj.css                                  [39m[1m[2m  3.13 kB[22m[1m[22m
[2m.svelte-kit/output/server/[22m[35m_app/immutable/assets/_layout.dJXxL32o.css                                [39m[1m[2m  6.04 kB[22m[1m[22m
[2m.svelte-kit/output/server/[22m[35m_app/immutable/assets/_page.B3OWJZRK.css                                  [39m[1m[2m  9.20 kB[22m[1m[22m
[2m.svelte-kit/output/server/[22m[36mchunks/false.js                                                           [39m[1m[2m  0.04 kB[22m[1m[22m
[2m.svelte-kit/output/server/[22m[36mentries/pages/_layout.ts.js                                               [39m[1m[2m  0.07 kB[22m[1m[22m
[2m.svelte-kit/output/server/[22m[36mentries/pages/_layout.svelte.js                                           [39m[1m[2m  0.17 kB[22m[1m[22m
[2m.svelte-kit/output/server/[22m[36menv.js                                                                    [39m[1m[2m  0.23 kB[22m[1m[22m
[2m.svelte-kit/output/server/[22m[36minternal.js                                                               [39m[1m[2m  0.35 kB[22m[1m[22m
[2m.svelte-kit/output/server/[22m[36mentries/pages/hud/_page.svelte.js                                         [39m[1m[2m  0.51 kB[22m[1m[22m
[2m.svelte-kit/output/server/[22m[36mchunks/server.js                                                          [39m[1m[2m  0.62 kB[22m[1m[22m
[2m.svelte-kit/output/server/[22m[36mchunks/utils2.js                                                          [39m[1m[2m  1.09 kB[22m[1m[22m
[2m.svelte-kit/output/server/[22m[36mentries/fallbacks/error.svelte.js                                         [39m[1m[2m  1.42 kB[22m[1m[22m
[2m.svelte-kit/output/server/[22m[36mentries/pages/_page.svelte.js                                             [39m[1m[2m  2.07 kB[22m[1m[22m
[2m.svelte-kit/output/server/[22m[36mchunks/internal.js                                                        [39m[1m[2m  3.33 kB[22m[1m[22m
[2m.svelte-kit/output/server/[22m[36mchunks/attributes.js                                                      [39m[1m[2m  5.98 kB[22m[1m[22m
[2m.svelte-kit/output/server/[22m[36mchunks/exports.js                                                         [39m[1m[2m  6.98 kB[22m[1m[22m
[2m.svelte-kit/output/server/[22m[36mchunks/index.js                                                           [39m[1m[2m 32.13 kB[22m[1m[22m
[2m.svelte-kit/output/server/[22m[36mchunks/utils.js                                                           [39m[1m[2m 33.59 kB[22m[1m[22m
[2m.svelte-kit/output/server/[22m[36mremote-entry.js                                                           [39m[1m[2m 36.78 kB[22m[1m[22m
[2m.svelte-kit/output/server/[22m[36mchunks/root.js                                                            [39m[1m[2m 86.61 kB[22m[1m[22m
[2m.svelte-kit/output/server/[22m[36mindex.js                                                                  [39m[1m[2m130.73 kB[22m[1m[22m
[32m✓ built in 4.46s[39m

Run npm run preview to preview your production build locally.

> Using @sveltejs/adapter-static
Overwriting build\index.html with fallback page. Consider using a different name for the fallback.
  Wrote site to "build"
  ✔ done
   Compiling glyph-daemon v0.1.0 (F:\Glyph\crates\glyph-daemon)
   Compiling glyph-app v0.1.0 (F:\Glyph\glyph-app\src-tauri)
    Finished `release` profile [optimized] target(s) in 57.05s
       Built application at: F:\Glyph\glyph-app\src-tauri\target\release\glyph-app.exe
